<?xml version="1.0" encoding="UTF-8"?>
<testsuite name="cs.skku.edu.mrdang.domain.internship.controller.InternshipControllerTest" tests="2" skipped="0" failures="0" errors="0" timestamp="2024-09-04T07:26:37" hostname="YoonSeocBookAir" time="0.065">
  <properties/>
  <testcase name="API 문서 - 특정 인턴십 가져오기" classname="cs.skku.edu.mrdang.domain.internship.controller.InternshipControllerTest" time="0.044"/>
  <testcase name="API 문서 - 인턴십 검색하기" classname="cs.skku.edu.mrdang.domain.internship.controller.InternshipControllerTest" time="0.02"/>
  <system-out><![CDATA[2024-09-04T16:26:36.954+09:00  INFO 73922 --- [    Test worker] t.c.s.AnnotationConfigContextLoaderUtils : Could not detect default configuration classes for test class [cs.skku.edu.mrdang.domain.internship.controller.InternshipControllerTest]: InternshipControllerTest does not declare any static, non-private, non-final, nested classes annotated with @Configuration.
2024-09-04T16:26:36.967+09:00  INFO 73922 --- [    Test worker] .b.t.c.SpringBootTestContextBootstrapper : Found @SpringBootConfiguration cs.skku.edu.mrdang.MrdangApplication for test class cs.skku.edu.mrdang.domain.internship.controller.InternshipControllerTest

  .   ____          _            __ _ _
 /\\ / ___'_ __ _ _(_)_ __  __ _ \ \ \ \
( ( )\___ | '_ | '_| | '_ \/ _` | \ \ \ \
 \\/  ___)| |_)| | | | | || (_| |  ) ) ) )
  '  |____| .__|_| |_|_| |_\__, | / / / /
 =========|_|==============|___/=/_/_/_/
 :: Spring Boot ::                (v3.1.5)

2024-09-04T16:26:36.980+09:00  INFO 73922 --- [    Test worker] c.s.e.m.d.i.c.InternshipControllerTest   : Starting InternshipControllerTest using Java 17.0.10 with PID 73922 (started by yoonseonglee in /Users/yoonseonglee/dev/mvp-backend-spring)
2024-09-04T16:26:36.980+09:00  INFO 73922 --- [    Test worker] c.s.e.m.d.i.c.InternshipControllerTest   : The following 1 profile is active: "prod"
2024-09-04T16:26:36.980+09:00 TRACE 73922 --- [    Test worker] o.s.w.c.s.GenericWebApplicationContext   : Refreshing org.springframework.web.context.support.GenericWebApplicationContext@102aa5fc, started on Wed Sep 04 16:26:36 KST 2024
2024-09-04T16:26:37.062+09:00 TRACE 73922 --- [    Test worker] o.s.w.c.s.GenericWebApplicationContext   : No 'messageSource' bean, using [Empty MessageSource]
2024-09-04T16:26:37.062+09:00 TRACE 73922 --- [    Test worker] o.s.w.c.s.GenericWebApplicationContext   : No 'applicationEventMulticaster' bean, using [SimpleApplicationEventMulticaster]
2024-09-04T16:26:37.091+09:00 DEBUG 73922 --- [    Test worker] s.w.s.m.m.a.RequestMappingHandlerAdapter : ControllerAdvice beans: 0 @ModelAttribute, 0 @InitBinder, 1 RequestBodyAdvice, 1 ResponseBodyAdvice
2024-09-04T16:26:37.094+09:00 TRACE 73922 --- [    Test worker] s.w.s.m.m.a.RequestMappingHandlerMapping : 
	c.s.e.m.d.i.c.InternshipController:
	{GET [/internships/{internshipId}]}: getInternship(Long)
	{GET [/internships]}: getInternships(SearchRequest)
2024-09-04T16:26:37.095+09:00 TRACE 73922 --- [    Test worker] s.w.s.m.m.a.RequestMappingHandlerMapping : 
	o.s.b.a.w.s.e.BasicErrorController:
	{ [/error]}: error(HttpServletRequest)
	{ [/error], produces [text/html]}: errorHtml(HttpServletRequest,HttpServletResponse)
2024-09-04T16:26:37.096+09:00 DEBUG 73922 --- [    Test worker] s.w.s.m.m.a.RequestMappingHandlerMapping : 4 mappings in 'requestMappingHandlerMapping'
2024-09-04T16:26:37.096+09:00 DEBUG 73922 --- [    Test worker] o.s.w.s.h.BeanNameUrlHandlerMapping      : Detected 0 mappings in 'beanNameHandlerMapping'
2024-09-04T16:26:37.097+09:00 TRACE 73922 --- [    Test worker] o.s.w.s.f.support.RouterFunctionMapping  : 0 RouterFunction(s) in 'routerFunctionMapping'
2024-09-04T16:26:37.097+09:00 TRACE 73922 --- [    Test worker] o.s.w.s.handler.SimpleUrlHandlerMapping  : Mapped [/webjars/**] onto ResourceHttpRequestHandler [classpath [META-INF/resources/webjars/]]
2024-09-04T16:26:37.097+09:00 TRACE 73922 --- [    Test worker] o.s.w.s.handler.SimpleUrlHandlerMapping  : Mapped [/**] onto ResourceHttpRequestHandler [classpath [META-INF/resources/], classpath [resources/], classpath [static/], classpath [public/], ServletContext [/]]
2024-09-04T16:26:37.097+09:00 TRACE 73922 --- [    Test worker] o.s.w.s.handler.SimpleUrlHandlerMapping  : Mapped [/attach/**] onto ResourceHttpRequestHandler [URL [file:/attach/]]
2024-09-04T16:26:37.097+09:00 DEBUG 73922 --- [    Test worker] o.s.w.s.handler.SimpleUrlHandlerMapping  : Patterns [/webjars/**, /**, /attach/**] in 'resourceHandlerMapping'
2024-09-04T16:26:37.099+09:00 DEBUG 73922 --- [    Test worker] .m.m.a.ExceptionHandlerExceptionResolver : ControllerAdvice beans: 1 @ExceptionHandler, 1 ResponseBodyAdvice
2024-09-04T16:26:37.103+09:00  INFO 73922 --- [    Test worker] o.s.b.t.m.w.SpringBootMockServletContext : Initializing Spring TestDispatcherServlet ''
2024-09-04T16:26:37.103+09:00  INFO 73922 --- [    Test worker] o.s.t.web.servlet.TestDispatcherServlet  : Initializing Servlet ''
2024-09-04T16:26:37.103+09:00  INFO 73922 --- [    Test worker] o.s.t.web.servlet.TestDispatcherServlet  : Completed initialization in 0 ms
2024-09-04T16:26:37.106+09:00 TRACE 73922 --- [    Test worker] o.s.w.c.s.GenericWebApplicationContext   : No 'lifecycleProcessor' bean, using [DefaultLifecycleProcessor]
2024-09-04T16:26:37.106+09:00  INFO 73922 --- [    Test worker] c.s.e.m.d.i.c.InternshipControllerTest   : Started InternshipControllerTest in 0.137 seconds (process running for 2.25)
2024-09-04T16:26:37.114+09:00 TRACE 73922 --- [    Test worker] s.w.s.m.m.a.RequestMappingHandlerMapping : Mapped to cs.skku.edu.mrdang.domain.internship.controller.InternshipController#getInternship(Long)
2024-09-04T16:26:37.114+09:00 TRACE 73922 --- [    Test worker] o.s.web.method.HandlerMethod             : Arguments: [1]
2024-09-04T16:26:37.125+09:00 DEBUG 73922 --- [    Test worker] o.s.w.s.m.m.a.HttpEntityMethodProcessor  : Using 'application/json', given [*/*] and supported [application/json, application/*+json]
2024-09-04T16:26:37.125+09:00 TRACE 73922 --- [    Test worker] o.s.w.s.m.m.a.HttpEntityMethodProcessor  : Writing [cs.skku.edu.mrdang.domain.internship.dto.InternshipDTO$Response@2ebcbf9d]
2024-09-04T16:26:37.132+09:00 TRACE 73922 --- [    Test worker] s.w.s.m.m.a.RequestMappingHandlerAdapter : Applying default cacheSeconds=-1

MockHttpServletRequest:
      HTTP Method = GET
      Request URI = /internships/1
       Parameters = {}
          Headers = [Content-Type:"application/json;charset=UTF-8"]
             Body = null
    Session Attrs = {}

Handler:
             Type = cs.skku.edu.mrdang.domain.internship.controller.InternshipController
           Method = cs.skku.edu.mrdang.domain.internship.controller.InternshipController#getInternship(Long)

Async:
    Async started = false
     Async result = null

Resolved Exception:
             Type = null

ModelAndView:
        View name = null
             View = null
            Model = null

FlashMap:
       Attributes = null

MockHttpServletResponse:
           Status = 200
    Error message = null
          Headers = [Vary:"Origin", "Access-Control-Request-Method", "Access-Control-Request-Headers", Content-Type:"application/json"]
     Content type = application/json
             Body = {"id":1,"author":{"id":1,"name":"이윤성","glsId":"tjd1024","role":"STUDENT"},"title":"화상영어서비스 개발자가 전해주는 백엔드 인턴 이야기","description":"성균관대학교 해외 ICT 인턴십 후기입니다.","content":"인턴 준비부터 인턴 전후의 모습까지 모든 걸 담았습니다.","videoUrl":"https://www.youtube.com/watch?v=PePdoGbT5gM","company":{"name":"Ringle","description":"영미권 명문대 튜터와 일대일 대화를 나누며 영어를 교정받을 수 있는 화상 영어 서비스","url":"https://www.ringleplus.com"},"work":{"place":"해외","startDate":"2023-07-01","endDate":"2023-12-31"},"project":{"name":"백엔드...","description":"온보딩, BuildKite, 3.0챌린지 백엔드 작업"},"jobs":[{"id":4,"type":"직무","name":"서버 개발자","neighbors":[]}],"techStacks":[{"id":3,"type":"기술스택","name":"Spring","neighbors":[]}],"viewCount":1024,"thumbnail":null,"createdAt":"2024-09-04T16:26:37.112639"}
    Forwarded URL = null
   Redirected URL = null
          Cookies = []
2024-09-04T16:26:37.156+09:00 TRACE 73922 --- [    Test worker] s.w.s.m.m.a.RequestMappingHandlerMapping : Mapped to cs.skku.edu.mrdang.domain.internship.controller.InternshipController#getInternships(SearchRequest)
2024-09-04T16:26:37.161+09:00 TRACE 73922 --- [    Test worker] o.s.web.method.HandlerMethod             : Arguments: [cs.skku.edu.mrdang.domain.internship.dto.InternshipDTO$SearchRequest@1c3a64b6]
2024-09-04T16:26:37.162+09:00 DEBUG 73922 --- [    Test worker] o.s.w.s.m.m.a.HttpEntityMethodProcessor  : Using 'application/json', given [*/*] and supported [application/json, application/*+json]
2024-09-04T16:26:37.162+09:00 TRACE 73922 --- [    Test worker] o.s.w.s.m.m.a.HttpEntityMethodProcessor  : Writing [[cs.skku.edu.mrdang.domain.internship.dto.InternshipDTO$SimpleResponse@20e9c165]]
2024-09-04T16:26:37.163+09:00 TRACE 73922 --- [    Test worker] s.w.s.m.m.a.RequestMappingHandlerAdapter : Applying default cacheSeconds=-1

MockHttpServletRequest:
      HTTP Method = GET
      Request URI = /internships
       Parameters = {query=[], scope=[all], sort=[recent], pageNumber=[0], pageSize=[10]}
          Headers = [Content-Type:"application/json;charset=UTF-8"]
             Body = null
    Session Attrs = {}

Handler:
             Type = cs.skku.edu.mrdang.domain.internship.controller.InternshipController
           Method = cs.skku.edu.mrdang.domain.internship.controller.InternshipController#getInternships(SearchRequest)

Async:
    Async started = false
     Async result = null

Resolved Exception:
             Type = null

ModelAndView:
        View name = null
             View = null
            Model = null

FlashMap:
       Attributes = null

MockHttpServletResponse:
           Status = 200
    Error message = null
          Headers = [Vary:"Origin", "Access-Control-Request-Method", "Access-Control-Request-Headers", Content-Type:"application/json"]
     Content type = application/json
             Body = [{"id":1,"author":{"id":1,"name":"이윤성","glsId":"tjd1024","role":"STUDENT"},"title":"화상영어서비스 개발자가 전해주는 백엔드 인턴 이야기","work":{"place":"해외","startDate":"2023-07-01","endDate":"2023-12-31"},"company":{"name":"Ringle","description":"영미권 명문대 튜터와 일대일 대화를 나누며 영어를 교정받을 수 있는 화상 영어 서비스","url":"https://www.ringleplus.com"},"jobs":[{"id":4,"type":"직무","name":"서버 개발자","neighbors":[]}],"techStacks":[{"id":3,"type":"기술스택","name":"Spring","neighbors":[]}],"viewCount":1024,"thumbnail":null,"createdAt":"2024-09-04T16:26:37.112639"}]
    Forwarded URL = null
   Redirected URL = null
          Cookies = []
]]></system-out>
  <system-err><![CDATA[]]></system-err>
</testsuite>
