<?xml version="1.0" encoding="UTF-8"?>
<testsuite name="cs.skku.edu.mrdang.domain.user.controller.MyPageControllerTest" tests="7" skipped="0" failures="0" errors="0" timestamp="2024-09-04T07:26:37" hostname="YoonSeocBookAir" time="0.054">
  <properties/>
  <testcase name="API 문서 - 내가 좋아요 누른 로드맵 가져오기." classname="cs.skku.edu.mrdang.domain.user.controller.MyPageControllerTest" time="0.009"/>
  <testcase name="API 문서 - 내가 작성한 인턴십 후기 가져오기" classname="cs.skku.edu.mrdang.domain.user.controller.MyPageControllerTest" time="0.008"/>
  <testcase name="API 문서 - 내가 수강신청한 로드맵 가져오기." classname="cs.skku.edu.mrdang.domain.user.controller.MyPageControllerTest" time="0.006"/>
  <testcase name="API 문서 - 내가 작성한 강의 리뷰 가져오기." classname="cs.skku.edu.mrdang.domain.user.controller.MyPageControllerTest" time="0.007"/>
  <testcase name="API 문서 - 내가 좋아요 누른 강의 가져오기." classname="cs.skku.edu.mrdang.domain.user.controller.MyPageControllerTest" time="0.009"/>
  <testcase name="API 문서 - 내가 작성한 로드맵 리뷰 가져오기." classname="cs.skku.edu.mrdang.domain.user.controller.MyPageControllerTest" time="0.006"/>
  <testcase name="API 문서 - 내가 수강신청한 강의 가져오기." classname="cs.skku.edu.mrdang.domain.user.controller.MyPageControllerTest" time="0.006"/>
  <system-out><![CDATA[2024-09-04T16:26:37.828+09:00  INFO 73922 --- [    Test worker] t.c.s.AnnotationConfigContextLoaderUtils : Could not detect default configuration classes for test class [cs.skku.edu.mrdang.domain.user.controller.MyPageControllerTest]: MyPageControllerTest does not declare any static, non-private, non-final, nested classes annotated with @Configuration.
2024-09-04T16:26:37.838+09:00  INFO 73922 --- [    Test worker] .b.t.c.SpringBootTestContextBootstrapper : Found @SpringBootConfiguration cs.skku.edu.mrdang.MrdangApplication for test class cs.skku.edu.mrdang.domain.user.controller.MyPageControllerTest

  .   ____          _            __ _ _
 /\\ / ___'_ __ _ _(_)_ __  __ _ \ \ \ \
( ( )\___ | '_ | '_| | '_ \/ _` | \ \ \ \
 \\/  ___)| |_)| | | | | || (_| |  ) ) ) )
  '  |____| .__|_| |_|_| |_\__, | / / / /
 =========|_|==============|___/=/_/_/_/
 :: Spring Boot ::                (v3.1.5)

2024-09-04T16:26:37.846+09:00  INFO 73922 --- [    Test worker] c.s.e.m.d.u.c.MyPageControllerTest       : Starting MyPageControllerTest using Java 17.0.10 with PID 73922 (started by yoonseonglee in /Users/yoonseonglee/dev/mvp-backend-spring)
2024-09-04T16:26:37.847+09:00  INFO 73922 --- [    Test worker] c.s.e.m.d.u.c.MyPageControllerTest       : The following 1 profile is active: "prod"
2024-09-04T16:26:37.847+09:00 TRACE 73922 --- [    Test worker] o.s.w.c.s.GenericWebApplicationContext   : Refreshing org.springframework.web.context.support.GenericWebApplicationContext@5297030e, started on Wed Sep 04 16:26:37 KST 2024
2024-09-04T16:26:37.911+09:00 TRACE 73922 --- [    Test worker] o.s.w.c.s.GenericWebApplicationContext   : No 'messageSource' bean, using [Empty MessageSource]
2024-09-04T16:26:37.911+09:00 TRACE 73922 --- [    Test worker] o.s.w.c.s.GenericWebApplicationContext   : No 'applicationEventMulticaster' bean, using [SimpleApplicationEventMulticaster]
2024-09-04T16:26:37.932+09:00 DEBUG 73922 --- [    Test worker] s.w.s.m.m.a.RequestMappingHandlerAdapter : ControllerAdvice beans: 0 @ModelAttribute, 0 @InitBinder, 1 RequestBodyAdvice, 1 ResponseBodyAdvice
2024-09-04T16:26:37.936+09:00 TRACE 73922 --- [    Test worker] s.w.s.m.m.a.RequestMappingHandlerMapping : 
	c.s.e.m.d.u.c.MyPageController:
	{GET [/me/lectures]}: getMyLectures(User)
	{GET [/me/internships]}: getMyInternships(User)
	{GET [/me/roadmaps]}: getMyRoadmaps(User)
	{GET [/me/lectures/reviews]}: getMyLectureReviews(User)
	{GET [/me/roadmaps/reviews]}: getMyRoadmapReviews(User)
	{GET [/me/lectures/like]}: getMyLikeLectures(User)
	{GET [/me/roadmaps/like]}: getMyLikeRoadmaps(User)
2024-09-04T16:26:37.937+09:00 TRACE 73922 --- [    Test worker] s.w.s.m.m.a.RequestMappingHandlerMapping : 
	o.s.b.a.w.s.e.BasicErrorController:
	{ [/error]}: error(HttpServletRequest)
	{ [/error], produces [text/html]}: errorHtml(HttpServletRequest,HttpServletResponse)
2024-09-04T16:26:37.937+09:00 DEBUG 73922 --- [    Test worker] s.w.s.m.m.a.RequestMappingHandlerMapping : 9 mappings in 'requestMappingHandlerMapping'
2024-09-04T16:26:37.937+09:00 DEBUG 73922 --- [    Test worker] o.s.w.s.h.BeanNameUrlHandlerMapping      : Detected 0 mappings in 'beanNameHandlerMapping'
2024-09-04T16:26:37.938+09:00 TRACE 73922 --- [    Test worker] o.s.w.s.f.support.RouterFunctionMapping  : 0 RouterFunction(s) in 'routerFunctionMapping'
2024-09-04T16:26:37.938+09:00 TRACE 73922 --- [    Test worker] o.s.w.s.handler.SimpleUrlHandlerMapping  : Mapped [/webjars/**] onto ResourceHttpRequestHandler [classpath [META-INF/resources/webjars/]]
2024-09-04T16:26:37.938+09:00 TRACE 73922 --- [    Test worker] o.s.w.s.handler.SimpleUrlHandlerMapping  : Mapped [/**] onto ResourceHttpRequestHandler [classpath [META-INF/resources/], classpath [resources/], classpath [static/], classpath [public/], ServletContext [/]]
2024-09-04T16:26:37.938+09:00 TRACE 73922 --- [    Test worker] o.s.w.s.handler.SimpleUrlHandlerMapping  : Mapped [/attach/**] onto ResourceHttpRequestHandler [URL [file:/attach/]]
2024-09-04T16:26:37.938+09:00 DEBUG 73922 --- [    Test worker] o.s.w.s.handler.SimpleUrlHandlerMapping  : Patterns [/webjars/**, /**, /attach/**] in 'resourceHandlerMapping'
2024-09-04T16:26:37.940+09:00 DEBUG 73922 --- [    Test worker] .m.m.a.ExceptionHandlerExceptionResolver : ControllerAdvice beans: 1 @ExceptionHandler, 1 ResponseBodyAdvice
2024-09-04T16:26:37.942+09:00  INFO 73922 --- [    Test worker] o.s.b.t.m.w.SpringBootMockServletContext : Initializing Spring TestDispatcherServlet ''
2024-09-04T16:26:37.942+09:00  INFO 73922 --- [    Test worker] o.s.t.web.servlet.TestDispatcherServlet  : Initializing Servlet ''
2024-09-04T16:26:37.943+09:00  INFO 73922 --- [    Test worker] o.s.t.web.servlet.TestDispatcherServlet  : Completed initialization in 1 ms
2024-09-04T16:26:37.945+09:00 TRACE 73922 --- [    Test worker] o.s.w.c.s.GenericWebApplicationContext   : No 'lifecycleProcessor' bean, using [DefaultLifecycleProcessor]
2024-09-04T16:26:37.946+09:00  INFO 73922 --- [    Test worker] c.s.e.m.d.u.c.MyPageControllerTest       : Started MyPageControllerTest in 0.106 seconds (process running for 3.09)
2024-09-04T16:26:37.949+09:00 TRACE 73922 --- [    Test worker] s.w.s.m.m.a.RequestMappingHandlerMapping : Mapped to cs.skku.edu.mrdang.domain.user.controller.MyPageController#getMyLikeRoadmaps(User)
2024-09-04T16:26:37.949+09:00 TRACE 73922 --- [    Test worker] o.s.web.method.HandlerMethod             : Arguments: [cs.skku.edu.mrdang.domain.user.entity.User@92fd091]
2024-09-04T16:26:37.950+09:00 DEBUG 73922 --- [    Test worker] o.s.w.s.m.m.a.HttpEntityMethodProcessor  : Using 'application/json', given [*/*] and supported [application/json, application/*+json]
2024-09-04T16:26:37.950+09:00 TRACE 73922 --- [    Test worker] o.s.w.s.m.m.a.HttpEntityMethodProcessor  : Writing [[cs.skku.edu.mrdang.domain.roadmap.dto.RoadmapDTO$SimpleResponse@790bd0e]]
2024-09-04T16:26:37.951+09:00 TRACE 73922 --- [    Test worker] s.w.s.m.m.a.RequestMappingHandlerAdapter : Applying default cacheSeconds=-1

MockHttpServletRequest:
      HTTP Method = GET
      Request URI = /me/roadmaps/like
       Parameters = {}
          Headers = [Content-Type:"application/json;charset=UTF-8", Cookie:"access-token=access; refresh-token=refresh"]
             Body = null
    Session Attrs = {}

Handler:
             Type = cs.skku.edu.mrdang.domain.user.controller.MyPageController
           Method = cs.skku.edu.mrdang.domain.user.controller.MyPageController#getMyLikeRoadmaps(User)

Async:
    Async started = false
     Async result = null

Resolved Exception:
             Type = null

ModelAndView:
        View name = null
             View = null
            Model = null

FlashMap:
       Attributes = null

MockHttpServletResponse:
           Status = 200
    Error message = null
          Headers = [Vary:"Origin", "Access-Control-Request-Method", "Access-Control-Request-Headers", Content-Type:"application/json"]
     Content type = application/json
             Body = [{"id":1,"title":"평론가의 길","jobs":[{"id":1,"type":"직무","name":"평론가","neighbors":[]}],"description":"-평론가의 길-","studentCount":100,"lectureCount":100,"totalDuration":"00:48:05","likeCount":100,"thumbnail":{"id":1,"filename":"보편적인 노래 앨범커버","path":"/attach/보편적인_노래_앨범커버.jpg"}}]
    Forwarded URL = null
   Redirected URL = null
          Cookies = []
2024-09-04T16:26:37.958+09:00 TRACE 73922 --- [    Test worker] s.w.s.m.m.a.RequestMappingHandlerMapping : Mapped to cs.skku.edu.mrdang.domain.user.controller.MyPageController#getMyInternships(User)
2024-09-04T16:26:37.958+09:00 TRACE 73922 --- [    Test worker] o.s.web.method.HandlerMethod             : Arguments: [cs.skku.edu.mrdang.domain.user.entity.User@92fd091]
2024-09-04T16:26:37.959+09:00 DEBUG 73922 --- [    Test worker] o.s.w.s.m.m.a.HttpEntityMethodProcessor  : Using 'application/json', given [*/*] and supported [application/json, application/*+json]
2024-09-04T16:26:37.959+09:00 TRACE 73922 --- [    Test worker] o.s.w.s.m.m.a.HttpEntityMethodProcessor  : Writing [[cs.skku.edu.mrdang.domain.internship.dto.InternshipDTO$SimpleResponse@4b20b431]]
2024-09-04T16:26:37.960+09:00 TRACE 73922 --- [    Test worker] s.w.s.m.m.a.RequestMappingHandlerAdapter : Applying default cacheSeconds=-1

MockHttpServletRequest:
      HTTP Method = GET
      Request URI = /me/internships
       Parameters = {}
          Headers = [Content-Type:"application/json;charset=UTF-8", Cookie:"access-token=access; refresh-token=refresh"]
             Body = null
    Session Attrs = {}

Handler:
             Type = cs.skku.edu.mrdang.domain.user.controller.MyPageController
           Method = cs.skku.edu.mrdang.domain.user.controller.MyPageController#getMyInternships(User)

Async:
    Async started = false
     Async result = null

Resolved Exception:
             Type = null

ModelAndView:
        View name = null
             View = null
            Model = null

FlashMap:
       Attributes = null

MockHttpServletResponse:
           Status = 200
    Error message = null
          Headers = [Vary:"Origin", "Access-Control-Request-Method", "Access-Control-Request-Headers", Content-Type:"application/json"]
     Content type = application/json
             Body = [{"id":1,"author":{"id":1,"name":"이윤성","glsId":"tjd1024","role":"STUDENT"},"title":"화상영어서비스 개발자가 전해주는 백엔드 인턴 이야기","work":{"place":"해외","startDate":"2023-07-01","endDate":"2023-12-31"},"company":{"name":"Ringle","description":"영미권 명문대 튜터와 일대일 대화를 나누며 영어를 교정받을 수 있는 화상 영어 서비스","url":"https://www.ringleplus.com"},"jobs":[{"id":4,"type":"직무","name":"서버 개발자","neighbors":[]}],"techStacks":[{"id":3,"type":"기술스택","name":"Spring","neighbors":[]}],"viewCount":1024,"thumbnail":null,"createdAt":"2024-09-04T16:26:37.112639"}]
    Forwarded URL = null
   Redirected URL = null
          Cookies = []
2024-09-04T16:26:37.966+09:00 TRACE 73922 --- [    Test worker] s.w.s.m.m.a.RequestMappingHandlerMapping : Mapped to cs.skku.edu.mrdang.domain.user.controller.MyPageController#getMyRoadmaps(User)
2024-09-04T16:26:37.967+09:00 TRACE 73922 --- [    Test worker] o.s.web.method.HandlerMethod             : Arguments: [cs.skku.edu.mrdang.domain.user.entity.User@92fd091]
2024-09-04T16:26:37.967+09:00 DEBUG 73922 --- [    Test worker] o.s.w.s.m.m.a.HttpEntityMethodProcessor  : Using 'application/json', given [*/*] and supported [application/json, application/*+json]
2024-09-04T16:26:37.967+09:00 TRACE 73922 --- [    Test worker] o.s.w.s.m.m.a.HttpEntityMethodProcessor  : Writing [[cs.skku.edu.mrdang.domain.roadmap.dto.RoadmapDTO$SimpleResponse@5d0ea2af]]
2024-09-04T16:26:37.967+09:00 TRACE 73922 --- [    Test worker] s.w.s.m.m.a.RequestMappingHandlerAdapter : Applying default cacheSeconds=-1

MockHttpServletRequest:
      HTTP Method = GET
      Request URI = /me/roadmaps
       Parameters = {}
          Headers = [Content-Type:"application/json;charset=UTF-8", Cookie:"access-token=access; refresh-token=refresh"]
             Body = null
    Session Attrs = {}

Handler:
             Type = cs.skku.edu.mrdang.domain.user.controller.MyPageController
           Method = cs.skku.edu.mrdang.domain.user.controller.MyPageController#getMyRoadmaps(User)

Async:
    Async started = false
     Async result = null

Resolved Exception:
             Type = null

ModelAndView:
        View name = null
             View = null
            Model = null

FlashMap:
       Attributes = null

MockHttpServletResponse:
           Status = 200
    Error message = null
          Headers = [Vary:"Origin", "Access-Control-Request-Method", "Access-Control-Request-Headers", Content-Type:"application/json"]
     Content type = application/json
             Body = [{"id":1,"title":"평론가의 길","jobs":[{"id":1,"type":"직무","name":"평론가","neighbors":[]}],"description":"-평론가의 길-","studentCount":100,"lectureCount":100,"totalDuration":"00:48:05","likeCount":100,"thumbnail":{"id":1,"filename":"보편적인 노래 앨범커버","path":"/attach/보편적인_노래_앨범커버.jpg"}}]
    Forwarded URL = null
   Redirected URL = null
          Cookies = []
2024-09-04T16:26:37.973+09:00 TRACE 73922 --- [    Test worker] s.w.s.m.m.a.RequestMappingHandlerMapping : Mapped to cs.skku.edu.mrdang.domain.user.controller.MyPageController#getMyLectureReviews(User)
2024-09-04T16:26:37.974+09:00 TRACE 73922 --- [    Test worker] o.s.web.method.HandlerMethod             : Arguments: [cs.skku.edu.mrdang.domain.user.entity.User@92fd091]
2024-09-04T16:26:37.974+09:00 DEBUG 73922 --- [    Test worker] o.s.w.s.m.m.a.HttpEntityMethodProcessor  : Using 'application/json', given [*/*] and supported [application/json, application/*+json]
2024-09-04T16:26:37.974+09:00 TRACE 73922 --- [    Test worker] o.s.w.s.m.m.a.HttpEntityMethodProcessor  : Writing [[cs.skku.edu.mrdang.domain.review.dto.ReviewDTO$LectureReviewResponse@6e0fd2dc]]
2024-09-04T16:26:37.974+09:00 TRACE 73922 --- [    Test worker] s.w.s.m.m.a.RequestMappingHandlerAdapter : Applying default cacheSeconds=-1

MockHttpServletRequest:
      HTTP Method = GET
      Request URI = /me/lectures/reviews
       Parameters = {}
          Headers = [Content-Type:"application/json;charset=UTF-8", Cookie:"access-token=access; refresh-token=refresh"]
             Body = null
    Session Attrs = {}

Handler:
             Type = cs.skku.edu.mrdang.domain.user.controller.MyPageController
           Method = cs.skku.edu.mrdang.domain.user.controller.MyPageController#getMyLectureReviews(User)

Async:
    Async started = false
     Async result = null

Resolved Exception:
             Type = null

ModelAndView:
        View name = null
             View = null
            Model = null

FlashMap:
       Attributes = null

MockHttpServletResponse:
           Status = 200
    Error message = null
          Headers = [Vary:"Origin", "Access-Control-Request-Method", "Access-Control-Request-Headers", Content-Type:"application/json"]
     Content type = application/json
             Body = [{"id":1,"review":"강의가 너무 유익했어요!!","createdAt":"2024-09-04T16:26:37.640848","lecture":{"id":1,"title":"명반론","likeCount":2427},"author":{"id":1,"name":"이윤성","glsId":"tjd1024","role":"STUDENT"}}]
    Forwarded URL = null
   Redirected URL = null
          Cookies = []
2024-09-04T16:26:37.981+09:00 TRACE 73922 --- [    Test worker] s.w.s.m.m.a.RequestMappingHandlerMapping : Mapped to cs.skku.edu.mrdang.domain.user.controller.MyPageController#getMyLikeLectures(User)
2024-09-04T16:26:37.981+09:00 TRACE 73922 --- [    Test worker] o.s.web.method.HandlerMethod             : Arguments: [cs.skku.edu.mrdang.domain.user.entity.User@92fd091]
2024-09-04T16:26:37.982+09:00 DEBUG 73922 --- [    Test worker] o.s.w.s.m.m.a.HttpEntityMethodProcessor  : Using 'application/json', given [*/*] and supported [application/json, application/*+json]
2024-09-04T16:26:37.982+09:00 TRACE 73922 --- [    Test worker] o.s.w.s.m.m.a.HttpEntityMethodProcessor  : Writing [[cs.skku.edu.mrdang.domain.lecture.dto.LectureDTO$SimpleResponse@879f852]]
2024-09-04T16:26:37.982+09:00 TRACE 73922 --- [    Test worker] s.w.s.m.m.a.RequestMappingHandlerAdapter : Applying default cacheSeconds=-1

MockHttpServletRequest:
      HTTP Method = GET
      Request URI = /me/lectures/like
       Parameters = {}
          Headers = [Content-Type:"application/json;charset=UTF-8", Cookie:"access-token=access; refresh-token=refresh"]
             Body = null
    Session Attrs = {}

Handler:
             Type = cs.skku.edu.mrdang.domain.user.controller.MyPageController
           Method = cs.skku.edu.mrdang.domain.user.controller.MyPageController#getMyLikeLectures(User)

Async:
    Async started = false
     Async result = null

Resolved Exception:
             Type = null

ModelAndView:
        View name = null
             View = null
            Model = null

FlashMap:
       Attributes = null

MockHttpServletResponse:
           Status = 200
    Error message = null
          Headers = [Vary:"Origin", "Access-Control-Request-Method", "Access-Control-Request-Headers", Content-Type:"application/json"]
     Content type = application/json
             Body = [{"id":1,"title":"명반론","description":"명반이란 무엇이고, 왜 명반이라고 하는 걸까?","tutor":"anzanda","likeCount":2427,"studentCount":100,"categories":[{"id":1,"type":"직무","name":"평론가","neighbors":[]}],"thumbnail":{"id":1,"filename":"보편적인 노래 앨범커버","path":"/attach/보편적인_노래_앨범커버.jpg"}}]
    Forwarded URL = null
   Redirected URL = null
          Cookies = []
2024-09-04T16:26:37.990+09:00 TRACE 73922 --- [    Test worker] s.w.s.m.m.a.RequestMappingHandlerMapping : Mapped to cs.skku.edu.mrdang.domain.user.controller.MyPageController#getMyRoadmapReviews(User)
2024-09-04T16:26:37.990+09:00 TRACE 73922 --- [    Test worker] o.s.web.method.HandlerMethod             : Arguments: [cs.skku.edu.mrdang.domain.user.entity.User@92fd091]
2024-09-04T16:26:37.991+09:00 DEBUG 73922 --- [    Test worker] o.s.w.s.m.m.a.HttpEntityMethodProcessor  : Using 'application/json', given [*/*] and supported [application/json, application/*+json]
2024-09-04T16:26:37.991+09:00 TRACE 73922 --- [    Test worker] o.s.w.s.m.m.a.HttpEntityMethodProcessor  : Writing [[cs.skku.edu.mrdang.domain.review.dto.ReviewDTO$RoadmapReviewResponse@46199519]]
2024-09-04T16:26:37.991+09:00 TRACE 73922 --- [    Test worker] s.w.s.m.m.a.RequestMappingHandlerAdapter : Applying default cacheSeconds=-1

MockHttpServletRequest:
      HTTP Method = GET
      Request URI = /me/roadmaps/reviews
       Parameters = {}
          Headers = [Content-Type:"application/json;charset=UTF-8", Cookie:"access-token=access; refresh-token=refresh"]
             Body = null
    Session Attrs = {}

Handler:
             Type = cs.skku.edu.mrdang.domain.user.controller.MyPageController
           Method = cs.skku.edu.mrdang.domain.user.controller.MyPageController#getMyRoadmapReviews(User)

Async:
    Async started = false
     Async result = null

Resolved Exception:
             Type = null

ModelAndView:
        View name = null
             View = null
            Model = null

FlashMap:
       Attributes = null

MockHttpServletResponse:
           Status = 200
    Error message = null
          Headers = [Vary:"Origin", "Access-Control-Request-Method", "Access-Control-Request-Headers", Content-Type:"application/json"]
     Content type = application/json
             Body = [{"id":2,"review":"로드맵이 너무 유익했어요!!","createdAt":"2024-09-04T16:26:37.640864","roadmap":{"id":1,"title":"평론가의 길","likeCount":100},"author":{"id":1,"name":"이윤성","glsId":"tjd1024","role":"STUDENT"}}]
    Forwarded URL = null
   Redirected URL = null
          Cookies = []
2024-09-04T16:26:37.997+09:00 TRACE 73922 --- [    Test worker] s.w.s.m.m.a.RequestMappingHandlerMapping : Mapped to cs.skku.edu.mrdang.domain.user.controller.MyPageController#getMyLectures(User)
2024-09-04T16:26:37.997+09:00 TRACE 73922 --- [    Test worker] o.s.web.method.HandlerMethod             : Arguments: [cs.skku.edu.mrdang.domain.user.entity.User@92fd091]
2024-09-04T16:26:37.997+09:00 DEBUG 73922 --- [    Test worker] o.s.w.s.m.m.a.HttpEntityMethodProcessor  : Using 'application/json', given [*/*] and supported [application/json, application/*+json]
2024-09-04T16:26:37.997+09:00 TRACE 73922 --- [    Test worker] o.s.w.s.m.m.a.HttpEntityMethodProcessor  : Writing [[cs.skku.edu.mrdang.domain.lecture.dto.LectureDTO$SimpleResponse@c3972d0]]
2024-09-04T16:26:37.997+09:00 TRACE 73922 --- [    Test worker] s.w.s.m.m.a.RequestMappingHandlerAdapter : Applying default cacheSeconds=-1

MockHttpServletRequest:
      HTTP Method = GET
      Request URI = /me/lectures
       Parameters = {}
          Headers = [Content-Type:"application/json;charset=UTF-8", Cookie:"access-token=access; refresh-token=refresh"]
             Body = null
    Session Attrs = {}

Handler:
             Type = cs.skku.edu.mrdang.domain.user.controller.MyPageController
           Method = cs.skku.edu.mrdang.domain.user.controller.MyPageController#getMyLectures(User)

Async:
    Async started = false
     Async result = null

Resolved Exception:
             Type = null

ModelAndView:
        View name = null
             View = null
            Model = null

FlashMap:
       Attributes = null

MockHttpServletResponse:
           Status = 200
    Error message = null
          Headers = [Vary:"Origin", "Access-Control-Request-Method", "Access-Control-Request-Headers", Content-Type:"application/json"]
     Content type = application/json
             Body = [{"id":1,"title":"명반론","description":"명반이란 무엇이고, 왜 명반이라고 하는 걸까?","tutor":"anzanda","likeCount":2427,"studentCount":100,"categories":[{"id":1,"type":"직무","name":"평론가","neighbors":[]}],"thumbnail":{"id":1,"filename":"보편적인 노래 앨범커버","path":"/attach/보편적인_노래_앨범커버.jpg"}}]
    Forwarded URL = null
   Redirected URL = null
          Cookies = []
]]></system-out>
  <system-err><![CDATA[]]></system-err>
</testsuite>
