<?xml version="1.0" encoding="UTF-8"?>
<testsuite name="cs.skku.edu.mrdang.domain.lecture.controller.LectureControllerTest" tests="5" skipped="0" failures="0" errors="0" timestamp="2024-09-04T07:26:37" hostname="YoonSeocBookAir" time="0.086">
  <properties/>
  <testcase name="API 문서 - 강의 생성." classname="cs.skku.edu.mrdang.domain.lecture.controller.LectureControllerTest" time="0.039"/>
  <testcase name="API 문서 - 강의에 카테고리를 추가한다." classname="cs.skku.edu.mrdang.domain.lecture.controller.LectureControllerTest" time="0.006"/>
  <testcase name="API 문서 - 강의 검색하기." classname="cs.skku.edu.mrdang.domain.lecture.controller.LectureControllerTest" time="0.011"/>
  <testcase name="API 문서 - 강의에 영상을 추가한다." classname="cs.skku.edu.mrdang.domain.lecture.controller.LectureControllerTest" time="0.009"/>
  <testcase name="API 문서 - 특정 강의 가져오기." classname="cs.skku.edu.mrdang.domain.lecture.controller.LectureControllerTest" time="0.017"/>
  <system-out><![CDATA[2024-09-04T16:26:37.175+09:00  INFO 73922 --- [    Test worker] t.c.s.AnnotationConfigContextLoaderUtils : Could not detect default configuration classes for test class [cs.skku.edu.mrdang.domain.lecture.controller.LectureControllerTest]: LectureControllerTest does not declare any static, non-private, non-final, nested classes annotated with @Configuration.
2024-09-04T16:26:37.185+09:00  INFO 73922 --- [    Test worker] .b.t.c.SpringBootTestContextBootstrapper : Found @SpringBootConfiguration cs.skku.edu.mrdang.MrdangApplication for test class cs.skku.edu.mrdang.domain.lecture.controller.LectureControllerTest

  .   ____          _            __ _ _
 /\\ / ___'_ __ _ _(_)_ __  __ _ \ \ \ \
( ( )\___ | '_ | '_| | '_ \/ _` | \ \ \ \
 \\/  ___)| |_)| | | | | || (_| |  ) ) ) )
  '  |____| .__|_| |_|_| |_\__, | / / / /
 =========|_|==============|___/=/_/_/_/
 :: Spring Boot ::                (v3.1.5)

2024-09-04T16:26:37.195+09:00  INFO 73922 --- [    Test worker] c.s.e.m.d.l.c.LectureControllerTest      : Starting LectureControllerTest using Java 17.0.10 with PID 73922 (started by yoonseonglee in /Users/yoonseonglee/dev/mvp-backend-spring)
2024-09-04T16:26:37.195+09:00  INFO 73922 --- [    Test worker] c.s.e.m.d.l.c.LectureControllerTest      : The following 1 profile is active: "prod"
2024-09-04T16:26:37.196+09:00 TRACE 73922 --- [    Test worker] o.s.w.c.s.GenericWebApplicationContext   : Refreshing org.springframework.web.context.support.GenericWebApplicationContext@3472f3ab, started on Wed Sep 04 16:26:37 KST 2024
2024-09-04T16:26:37.252+09:00 TRACE 73922 --- [    Test worker] o.s.w.c.s.GenericWebApplicationContext   : No 'messageSource' bean, using [Empty MessageSource]
2024-09-04T16:26:37.252+09:00 TRACE 73922 --- [    Test worker] o.s.w.c.s.GenericWebApplicationContext   : No 'applicationEventMulticaster' bean, using [SimpleApplicationEventMulticaster]
2024-09-04T16:26:37.280+09:00 DEBUG 73922 --- [    Test worker] s.w.s.m.m.a.RequestMappingHandlerAdapter : ControllerAdvice beans: 0 @ModelAttribute, 0 @InitBinder, 1 RequestBodyAdvice, 1 ResponseBodyAdvice
2024-09-04T16:26:37.284+09:00 TRACE 73922 --- [    Test worker] s.w.s.m.m.a.RequestMappingHandlerMapping : 
	c.s.e.m.d.l.c.LectureController:
	{POST [/lectures]}: createLecture(User,CreateRequest)
	{GET [/lectures]}: searchLectures(SearchRequest)
	{PATCH [/lectures/{lectureId}/categories]}: addCategory(User,Long,AddCategoryRequest)
	{GET [/lectures/{lectureId}]}: getLecture(User,Long)
	{PATCH [/lectures/{lectureId}/videos]}: addVideos(User,Long,List)
	{PATCH [/lectures/{lectureId}/images/{imageId}]}: addImage(User,Long,Long)
2024-09-04T16:26:37.285+09:00 TRACE 73922 --- [    Test worker] s.w.s.m.m.a.RequestMappingHandlerMapping : 
	o.s.b.a.w.s.e.BasicErrorController:
	{ [/error]}: error(HttpServletRequest)
	{ [/error], produces [text/html]}: errorHtml(HttpServletRequest,HttpServletResponse)
2024-09-04T16:26:37.285+09:00 DEBUG 73922 --- [    Test worker] s.w.s.m.m.a.RequestMappingHandlerMapping : 8 mappings in 'requestMappingHandlerMapping'
2024-09-04T16:26:37.286+09:00 DEBUG 73922 --- [    Test worker] o.s.w.s.h.BeanNameUrlHandlerMapping      : Detected 0 mappings in 'beanNameHandlerMapping'
2024-09-04T16:26:37.287+09:00 TRACE 73922 --- [    Test worker] o.s.w.s.f.support.RouterFunctionMapping  : 0 RouterFunction(s) in 'routerFunctionMapping'
2024-09-04T16:26:37.287+09:00 TRACE 73922 --- [    Test worker] o.s.w.s.handler.SimpleUrlHandlerMapping  : Mapped [/webjars/**] onto ResourceHttpRequestHandler [classpath [META-INF/resources/webjars/]]
2024-09-04T16:26:37.287+09:00 TRACE 73922 --- [    Test worker] o.s.w.s.handler.SimpleUrlHandlerMapping  : Mapped [/**] onto ResourceHttpRequestHandler [classpath [META-INF/resources/], classpath [resources/], classpath [static/], classpath [public/], ServletContext [/]]
2024-09-04T16:26:37.287+09:00 TRACE 73922 --- [    Test worker] o.s.w.s.handler.SimpleUrlHandlerMapping  : Mapped [/attach/**] onto ResourceHttpRequestHandler [URL [file:/attach/]]
2024-09-04T16:26:37.287+09:00 DEBUG 73922 --- [    Test worker] o.s.w.s.handler.SimpleUrlHandlerMapping  : Patterns [/webjars/**, /**, /attach/**] in 'resourceHandlerMapping'
2024-09-04T16:26:37.288+09:00 DEBUG 73922 --- [    Test worker] .m.m.a.ExceptionHandlerExceptionResolver : ControllerAdvice beans: 1 @ExceptionHandler, 1 ResponseBodyAdvice
2024-09-04T16:26:37.291+09:00  INFO 73922 --- [    Test worker] o.s.b.t.m.w.SpringBootMockServletContext : Initializing Spring TestDispatcherServlet ''
2024-09-04T16:26:37.291+09:00  INFO 73922 --- [    Test worker] o.s.t.web.servlet.TestDispatcherServlet  : Initializing Servlet ''
2024-09-04T16:26:37.292+09:00  INFO 73922 --- [    Test worker] o.s.t.web.servlet.TestDispatcherServlet  : Completed initialization in 1 ms
2024-09-04T16:26:37.294+09:00 TRACE 73922 --- [    Test worker] o.s.w.c.s.GenericWebApplicationContext   : No 'lifecycleProcessor' bean, using [DefaultLifecycleProcessor]
2024-09-04T16:26:37.295+09:00  INFO 73922 --- [    Test worker] c.s.e.m.d.l.c.LectureControllerTest      : Started LectureControllerTest in 0.107 seconds (process running for 2.439)
2024-09-04T16:26:37.300+09:00 TRACE 73922 --- [    Test worker] s.w.s.m.m.a.RequestMappingHandlerMapping : Mapped to cs.skku.edu.mrdang.domain.lecture.controller.LectureController#createLecture(User, CreateRequest)
2024-09-04T16:26:37.308+09:00 TRACE 73922 --- [    Test worker] m.m.a.RequestResponseBodyMethodProcessor : Read "application/json;charset=UTF-8" to [cs.skku.edu.mrdang.domain.lecture.dto.LectureDTO$CreateRequest@744199bb]
2024-09-04T16:26:37.328+09:00 TRACE 73922 --- [    Test worker] o.s.web.method.HandlerMethod             : Arguments: [cs.skku.edu.mrdang.domain.user.entity.User@92fd091, cs.skku.edu.mrdang.domain.lecture.dto.LectureDTO$CreateRequest@744199bb]
2024-09-04T16:26:37.329+09:00 DEBUG 73922 --- [    Test worker] o.s.w.s.m.m.a.HttpEntityMethodProcessor  : Using 'application/json', given [*/*] and supported [application/json, application/*+json]
2024-09-04T16:26:37.329+09:00 DEBUG 73922 --- [    Test worker] o.s.w.s.m.m.a.HttpEntityMethodProcessor  : Nothing to write: null body
2024-09-04T16:26:37.329+09:00 TRACE 73922 --- [    Test worker] s.w.s.m.m.a.RequestMappingHandlerAdapter : Applying default cacheSeconds=-1

MockHttpServletRequest:
      HTTP Method = POST
      Request URI = /lectures
       Parameters = {}
          Headers = [Content-Type:"application/json;charset=UTF-8", Content-Length:"196", Cookie:"access-token=access; refresh-token=refresh"]
             Body = {"title":"명반론","tutor":"anzanda","description":"명반이란 무엇이고, 왜 명반이라고 하는 걸까?","content":"평론가 anzanda님의 명반론을 다룹니다.","thumbnailId":1}
    Session Attrs = {}

Handler:
             Type = cs.skku.edu.mrdang.domain.lecture.controller.LectureController
           Method = cs.skku.edu.mrdang.domain.lecture.controller.LectureController#createLecture(User, CreateRequest)

Async:
    Async started = false
     Async result = null

Resolved Exception:
             Type = null

ModelAndView:
        View name = null
             View = null
            Model = null

FlashMap:
       Attributes = null

MockHttpServletResponse:
           Status = 201
    Error message = null
          Headers = [Vary:"Origin", "Access-Control-Request-Method", "Access-Control-Request-Headers", Location:"/lectures/0"]
     Content type = null
             Body = 
    Forwarded URL = null
   Redirected URL = /lectures/0
          Cookies = []
2024-09-04T16:26:37.337+09:00 TRACE 73922 --- [    Test worker] s.w.s.m.m.a.RequestMappingHandlerMapping : Mapped to cs.skku.edu.mrdang.domain.lecture.controller.LectureController#addCategory(User, Long, AddCategoryRequest)
2024-09-04T16:26:37.338+09:00 TRACE 73922 --- [    Test worker] m.m.a.RequestResponseBodyMethodProcessor : Read "application/json;charset=UTF-8" to [cs.skku.edu.mrdang.domain.lecture.dto.LectureDTO$AddCategoryRequest@33997e07]
2024-09-04T16:26:37.338+09:00 TRACE 73922 --- [    Test worker] o.s.web.method.HandlerMethod             : Arguments: [cs.skku.edu.mrdang.domain.user.entity.User@92fd091, 1, cs.skku.edu.mrdang.domain.lecture.dto.LectureDTO$AddCategoryRequest@33997e07]
2024-09-04T16:26:37.338+09:00 DEBUG 73922 --- [    Test worker] o.s.w.s.m.m.a.HttpEntityMethodProcessor  : Using 'application/json', given [*/*] and supported [application/json, application/*+json]
2024-09-04T16:26:37.338+09:00 DEBUG 73922 --- [    Test worker] o.s.w.s.m.m.a.HttpEntityMethodProcessor  : Nothing to write: null body
2024-09-04T16:26:37.338+09:00 TRACE 73922 --- [    Test worker] s.w.s.m.m.a.RequestMappingHandlerAdapter : Applying default cacheSeconds=-1

MockHttpServletRequest:
      HTTP Method = PATCH
      Request URI = /lectures/1/categories
       Parameters = {}
          Headers = [Content-Type:"application/json;charset=UTF-8", Content-Length:"16", Cookie:"access-token=access; refresh-token=refresh"]
             Body = {"categoryId":1}
    Session Attrs = {}

Handler:
             Type = cs.skku.edu.mrdang.domain.lecture.controller.LectureController
           Method = cs.skku.edu.mrdang.domain.lecture.controller.LectureController#addCategory(User, Long, AddCategoryRequest)

Async:
    Async started = false
     Async result = null

Resolved Exception:
             Type = null

ModelAndView:
        View name = null
             View = null
            Model = null

FlashMap:
       Attributes = null

MockHttpServletResponse:
           Status = 204
    Error message = null
          Headers = [Vary:"Origin", "Access-Control-Request-Method", "Access-Control-Request-Headers"]
     Content type = null
             Body = 
    Forwarded URL = null
   Redirected URL = null
          Cookies = []
2024-09-04T16:26:37.345+09:00 TRACE 73922 --- [    Test worker] s.w.s.m.m.a.RequestMappingHandlerMapping : Mapped to cs.skku.edu.mrdang.domain.lecture.controller.LectureController#searchLectures(SearchRequest)
2024-09-04T16:26:37.346+09:00 TRACE 73922 --- [    Test worker] o.s.web.method.HandlerMethod             : Arguments: [cs.skku.edu.mrdang.domain.lecture.dto.LectureDTO$SearchRequest@598ff2b3]
2024-09-04T16:26:37.346+09:00 DEBUG 73922 --- [    Test worker] o.s.w.s.m.m.a.HttpEntityMethodProcessor  : Using 'application/json', given [*/*] and supported [application/json, application/*+json]
2024-09-04T16:26:37.346+09:00 TRACE 73922 --- [    Test worker] o.s.w.s.m.m.a.HttpEntityMethodProcessor  : Writing [[cs.skku.edu.mrdang.domain.lecture.dto.LectureDTO$SimpleResponse@1002f859]]
2024-09-04T16:26:37.348+09:00 TRACE 73922 --- [    Test worker] s.w.s.m.m.a.RequestMappingHandlerAdapter : Applying default cacheSeconds=-1

MockHttpServletRequest:
      HTTP Method = GET
      Request URI = /lectures
       Parameters = {query=[], scope=[all], sort=[recent], pageNumber=[0], pageSize=[10]}
          Headers = [Content-Type:"application/json;charset=UTF-8"]
             Body = null
    Session Attrs = {}

Handler:
             Type = cs.skku.edu.mrdang.domain.lecture.controller.LectureController
           Method = cs.skku.edu.mrdang.domain.lecture.controller.LectureController#searchLectures(SearchRequest)

Async:
    Async started = false
     Async result = null

Resolved Exception:
             Type = null

ModelAndView:
        View name = null
             View = null
            Model = null

FlashMap:
       Attributes = null

MockHttpServletResponse:
           Status = 200
    Error message = null
          Headers = [Vary:"Origin", "Access-Control-Request-Method", "Access-Control-Request-Headers", Content-Type:"application/json"]
     Content type = application/json
             Body = [{"id":1,"title":"명반론","description":"명반이란 무엇이고, 왜 명반이라고 하는 걸까?","tutor":"anzanda","likeCount":2427,"studentCount":100,"categories":[{"id":1,"type":"직무","name":"평론가","neighbors":[]}],"thumbnail":{"id":1,"filename":"보편적인 노래 앨범커버","path":"/attach/보편적인_노래_앨범커버.jpg"}}]
    Forwarded URL = null
   Redirected URL = null
          Cookies = []
2024-09-04T16:26:37.357+09:00 TRACE 73922 --- [    Test worker] s.w.s.m.m.a.RequestMappingHandlerMapping : Mapped to cs.skku.edu.mrdang.domain.lecture.controller.LectureController#addVideos(User, Long, List)
2024-09-04T16:26:37.358+09:00 TRACE 73922 --- [    Test worker] m.m.a.RequestResponseBodyMethodProcessor : Read "application/json;charset=UTF-8" to [[cs.skku.edu.mrdang.domain.lecture.dto.LectureDTO$AddVideoRequest@c7b100b]]
2024-09-04T16:26:37.358+09:00 TRACE 73922 --- [    Test worker] o.s.web.method.HandlerMethod             : Arguments: [cs.skku.edu.mrdang.domain.user.entity.User@92fd091, 1, [cs.skku.edu.mrdang.domain.lecture.dto.LectureDTO$AddVideoRequest@c7b100b]]
2024-09-04T16:26:37.358+09:00 DEBUG 73922 --- [    Test worker] o.s.w.s.m.m.a.HttpEntityMethodProcessor  : Using 'application/json', given [*/*] and supported [application/json, application/*+json]
2024-09-04T16:26:37.358+09:00 DEBUG 73922 --- [    Test worker] o.s.w.s.m.m.a.HttpEntityMethodProcessor  : Nothing to write: null body
2024-09-04T16:26:37.358+09:00 TRACE 73922 --- [    Test worker] s.w.s.m.m.a.RequestMappingHandlerAdapter : Applying default cacheSeconds=-1

MockHttpServletRequest:
      HTTP Method = PATCH
      Request URI = /lectures/1/videos
       Parameters = {}
          Headers = [Content-Type:"application/json;charset=UTF-8", Content-Length:"25", Cookie:"access-token=access; refresh-token=refresh"]
             Body = [{"index":1,"videoId":1}]
    Session Attrs = {}

Handler:
             Type = cs.skku.edu.mrdang.domain.lecture.controller.LectureController
           Method = cs.skku.edu.mrdang.domain.lecture.controller.LectureController#addVideos(User, Long, List)

Async:
    Async started = false
     Async result = null

Resolved Exception:
             Type = null

ModelAndView:
        View name = null
             View = null
            Model = null

FlashMap:
       Attributes = null

MockHttpServletResponse:
           Status = 204
    Error message = null
          Headers = [Vary:"Origin", "Access-Control-Request-Method", "Access-Control-Request-Headers"]
     Content type = null
             Body = 
    Forwarded URL = null
   Redirected URL = null
          Cookies = []
2024-09-04T16:26:37.367+09:00 TRACE 73922 --- [    Test worker] s.w.s.m.m.a.RequestMappingHandlerMapping : Mapped to cs.skku.edu.mrdang.domain.lecture.controller.LectureController#getLecture(User, Long)
2024-09-04T16:26:37.367+09:00 TRACE 73922 --- [    Test worker] o.s.web.method.HandlerMethod             : Arguments: [cs.skku.edu.mrdang.domain.user.entity.User@92fd091, 1]
2024-09-04T16:26:37.371+09:00 DEBUG 73922 --- [    Test worker] o.s.w.s.m.m.a.HttpEntityMethodProcessor  : Using 'application/json', given [*/*] and supported [application/json, application/*+json]
2024-09-04T16:26:37.371+09:00 TRACE 73922 --- [    Test worker] o.s.w.s.m.m.a.HttpEntityMethodProcessor  : Writing [cs.skku.edu.mrdang.domain.lecture.dto.LectureDTO$Response@2370c90]
2024-09-04T16:26:37.372+09:00 TRACE 73922 --- [    Test worker] s.w.s.m.m.a.RequestMappingHandlerAdapter : Applying default cacheSeconds=-1

MockHttpServletRequest:
      HTTP Method = GET
      Request URI = /lectures/1
       Parameters = {}
          Headers = [Content-Type:"application/json;charset=UTF-8", Cookie:"access-token=access; refresh-token=refresh"]
             Body = null
    Session Attrs = {}

Handler:
             Type = cs.skku.edu.mrdang.domain.lecture.controller.LectureController
           Method = cs.skku.edu.mrdang.domain.lecture.controller.LectureController#getLecture(User, Long)

Async:
    Async started = false
     Async result = null

Resolved Exception:
             Type = null

ModelAndView:
        View name = null
             View = null
            Model = null

FlashMap:
       Attributes = null

MockHttpServletResponse:
           Status = 200
    Error message = null
          Headers = [Vary:"Origin", "Access-Control-Request-Method", "Access-Control-Request-Headers", Content-Type:"application/json"]
     Content type = application/json
             Body = {"id":1,"title":"명반론","tutor":"anzanda","description":"명반이란 무엇이고, 왜 명반이라고 하는 걸까?","content":"평론가 anzanda님의 명반론을 다룹니다.","videoCount":1,"totalDuration":"00:48:05","likeCount":2427,"studentCount":100,"categories":[{"id":1,"type":"직무","name":"평론가","neighbors":[]}],"thumbnail":{"id":1,"filename":"보편적인 노래 앨범커버","path":"/attach/보편적인_노래_앨범커버.jpg"},"videos":[{"id":1,"index":1,"title":"브로콜리 너마저 - 1집 보편적인 노래 전곡 듣기","duration":"00:48:05","url":"https://www.youtube.com/watch?v=SvvSrIpxBWQ&t=7s"}],"isRegistered":false,"progress":0.0,"isCompleted":false,"createdAt":"2024-09-04T16:26:36.578514"}
    Forwarded URL = null
   Redirected URL = null
          Cookies = []
]]></system-out>
  <system-err><![CDATA[]]></system-err>
</testsuite>
