<?xml version="1.0" encoding="UTF-8"?>
<testsuite name="cs.skku.edu.mrdang.domain.roadmap.controller.RoadmapControllerTest" tests="3" skipped="0" failures="0" errors="0" timestamp="2024-09-04T07:26:37" hostname="YoonSeocBookAir" time="0.028">
  <properties/>
  <testcase name="API 문서 - 특정 로드맵 가져오기." classname="cs.skku.edu.mrdang.domain.roadmap.controller.RoadmapControllerTest" time="0.012"/>
  <testcase name="API 문서 - 로드맵 생성" classname="cs.skku.edu.mrdang.domain.roadmap.controller.RoadmapControllerTest" time="0.006"/>
  <testcase name="API 문서 - 로드맵 검색" classname="cs.skku.edu.mrdang.domain.roadmap.controller.RoadmapControllerTest" time="0.008"/>
  <system-out><![CDATA[2024-09-04T16:26:37.660+09:00  INFO 73922 --- [    Test worker] t.c.s.AnnotationConfigContextLoaderUtils : Could not detect default configuration classes for test class [cs.skku.edu.mrdang.domain.roadmap.controller.RoadmapControllerTest]: RoadmapControllerTest does not declare any static, non-private, non-final, nested classes annotated with @Configuration.
2024-09-04T16:26:37.669+09:00  INFO 73922 --- [    Test worker] .b.t.c.SpringBootTestContextBootstrapper : Found @SpringBootConfiguration cs.skku.edu.mrdang.MrdangApplication for test class cs.skku.edu.mrdang.domain.roadmap.controller.RoadmapControllerTest

  .   ____          _            __ _ _
 /\\ / ___'_ __ _ _(_)_ __  __ _ \ \ \ \
( ( )\___ | '_ | '_| | '_ \/ _` | \ \ \ \
 \\/  ___)| |_)| | | | | || (_| |  ) ) ) )
  '  |____| .__|_| |_|_| |_\__, | / / / /
 =========|_|==============|___/=/_/_/_/
 :: Spring Boot ::                (v3.1.5)

2024-09-04T16:26:37.680+09:00  INFO 73922 --- [    Test worker] c.s.e.m.d.r.c.RoadmapControllerTest      : Starting RoadmapControllerTest using Java 17.0.10 with PID 73922 (started by yoonseonglee in /Users/yoonseonglee/dev/mvp-backend-spring)
2024-09-04T16:26:37.680+09:00  INFO 73922 --- [    Test worker] c.s.e.m.d.r.c.RoadmapControllerTest      : The following 1 profile is active: "prod"
2024-09-04T16:26:37.680+09:00 TRACE 73922 --- [    Test worker] o.s.w.c.s.GenericWebApplicationContext   : Refreshing org.springframework.web.context.support.GenericWebApplicationContext@7c9015c6, started on Wed Sep 04 16:26:37 KST 2024
2024-09-04T16:26:37.759+09:00 TRACE 73922 --- [    Test worker] o.s.w.c.s.GenericWebApplicationContext   : No 'messageSource' bean, using [Empty MessageSource]
2024-09-04T16:26:37.759+09:00 TRACE 73922 --- [    Test worker] o.s.w.c.s.GenericWebApplicationContext   : No 'applicationEventMulticaster' bean, using [SimpleApplicationEventMulticaster]
2024-09-04T16:26:37.784+09:00 DEBUG 73922 --- [    Test worker] s.w.s.m.m.a.RequestMappingHandlerAdapter : ControllerAdvice beans: 0 @ModelAttribute, 0 @InitBinder, 1 RequestBodyAdvice, 1 ResponseBodyAdvice
2024-09-04T16:26:37.787+09:00 TRACE 73922 --- [    Test worker] s.w.s.m.m.a.RequestMappingHandlerMapping : 
	c.s.e.m.d.r.c.RoadmapController:
	{POST [/roadmaps]}: createRoadmap(User,CreateRequest)
	{GET [/roadmaps]}: searchRoadmaps(SearchRequest)
	{GET [/roadmaps/{roadmapId}]}: getRoadmap(Long)
2024-09-04T16:26:37.788+09:00 TRACE 73922 --- [    Test worker] s.w.s.m.m.a.RequestMappingHandlerMapping : 
	o.s.b.a.w.s.e.BasicErrorController:
	{ [/error]}: error(HttpServletRequest)
	{ [/error], produces [text/html]}: errorHtml(HttpServletRequest,HttpServletResponse)
2024-09-04T16:26:37.788+09:00 DEBUG 73922 --- [    Test worker] s.w.s.m.m.a.RequestMappingHandlerMapping : 5 mappings in 'requestMappingHandlerMapping'
2024-09-04T16:26:37.789+09:00 DEBUG 73922 --- [    Test worker] o.s.w.s.h.BeanNameUrlHandlerMapping      : Detected 0 mappings in 'beanNameHandlerMapping'
2024-09-04T16:26:37.789+09:00 TRACE 73922 --- [    Test worker] o.s.w.s.f.support.RouterFunctionMapping  : 0 RouterFunction(s) in 'routerFunctionMapping'
2024-09-04T16:26:37.790+09:00 TRACE 73922 --- [    Test worker] o.s.w.s.handler.SimpleUrlHandlerMapping  : Mapped [/webjars/**] onto ResourceHttpRequestHandler [classpath [META-INF/resources/webjars/]]
2024-09-04T16:26:37.790+09:00 TRACE 73922 --- [    Test worker] o.s.w.s.handler.SimpleUrlHandlerMapping  : Mapped [/**] onto ResourceHttpRequestHandler [classpath [META-INF/resources/], classpath [resources/], classpath [static/], classpath [public/], ServletContext [/]]
2024-09-04T16:26:37.790+09:00 TRACE 73922 --- [    Test worker] o.s.w.s.handler.SimpleUrlHandlerMapping  : Mapped [/attach/**] onto ResourceHttpRequestHandler [URL [file:/attach/]]
2024-09-04T16:26:37.790+09:00 DEBUG 73922 --- [    Test worker] o.s.w.s.handler.SimpleUrlHandlerMapping  : Patterns [/webjars/**, /**, /attach/**] in 'resourceHandlerMapping'
2024-09-04T16:26:37.791+09:00 DEBUG 73922 --- [    Test worker] .m.m.a.ExceptionHandlerExceptionResolver : ControllerAdvice beans: 1 @ExceptionHandler, 1 ResponseBodyAdvice
2024-09-04T16:26:37.795+09:00  INFO 73922 --- [    Test worker] o.s.b.t.m.w.SpringBootMockServletContext : Initializing Spring TestDispatcherServlet ''
2024-09-04T16:26:37.795+09:00  INFO 73922 --- [    Test worker] o.s.t.web.servlet.TestDispatcherServlet  : Initializing Servlet ''
2024-09-04T16:26:37.795+09:00  INFO 73922 --- [    Test worker] o.s.t.web.servlet.TestDispatcherServlet  : Completed initialization in 0 ms
2024-09-04T16:26:37.798+09:00 TRACE 73922 --- [    Test worker] o.s.w.c.s.GenericWebApplicationContext   : No 'lifecycleProcessor' bean, using [DefaultLifecycleProcessor]
2024-09-04T16:26:37.798+09:00  INFO 73922 --- [    Test worker] c.s.e.m.d.r.c.RoadmapControllerTest      : Started RoadmapControllerTest in 0.127 seconds (process running for 2.942)
2024-09-04T16:26:37.802+09:00 TRACE 73922 --- [    Test worker] s.w.s.m.m.a.RequestMappingHandlerMapping : Mapped to cs.skku.edu.mrdang.domain.roadmap.controller.RoadmapController#getRoadmap(Long)
2024-09-04T16:26:37.802+09:00 TRACE 73922 --- [    Test worker] o.s.web.method.HandlerMethod             : Arguments: [1]
2024-09-04T16:26:37.804+09:00 DEBUG 73922 --- [    Test worker] o.s.w.s.m.m.a.HttpEntityMethodProcessor  : Using 'application/json', given [*/*] and supported [application/json, application/*+json]
2024-09-04T16:26:37.804+09:00 TRACE 73922 --- [    Test worker] o.s.w.s.m.m.a.HttpEntityMethodProcessor  : Writing [cs.skku.edu.mrdang.domain.roadmap.dto.RoadmapDTO$Response@5207747c]
2024-09-04T16:26:37.805+09:00 TRACE 73922 --- [    Test worker] s.w.s.m.m.a.RequestMappingHandlerAdapter : Applying default cacheSeconds=-1

MockHttpServletRequest:
      HTTP Method = GET
      Request URI = /roadmaps/1
       Parameters = {}
          Headers = [Content-Type:"application/json;charset=UTF-8"]
             Body = null
    Session Attrs = {}

Handler:
             Type = cs.skku.edu.mrdang.domain.roadmap.controller.RoadmapController
           Method = cs.skku.edu.mrdang.domain.roadmap.controller.RoadmapController#getRoadmap(Long)

Async:
    Async started = false
     Async result = null

Resolved Exception:
             Type = null

ModelAndView:
        View name = null
             View = null
            Model = null

FlashMap:
       Attributes = null

MockHttpServletResponse:
           Status = 200
    Error message = null
          Headers = [Vary:"Origin", "Access-Control-Request-Method", "Access-Control-Request-Headers", Content-Type:"application/json"]
     Content type = application/json
             Body = {"id":1,"title":"평론가의 길","jobs":[{"id":1,"type":"직무","name":"평론가","neighbors":[]}],"description":"-평론가의 길-","content":"평론가가 되는 과정을 배웁니다.","studentCount":100,"lectureCount":100,"totalDuration":"00:48:05","likeCount":100,"thumbnail":{"id":1,"filename":"보편적인 노래 앨범커버","path":"/attach/보편적인_노래_앨범커버.jpg"},"lectures":[{"id":1,"title":"명반론","description":"명반이란 무엇이고, 왜 명반이라고 하는 걸까?","tutor":"anzanda","likeCount":2427,"studentCount":100,"categories":[{"id":1,"type":"직무","name":"평론가","neighbors":[]}],"thumbnail":{"id":1,"filename":"보편적인 노래 앨범커버","path":"/attach/보편적인_노래_앨범커버.jpg"}}]}
    Forwarded URL = null
   Redirected URL = null
          Cookies = []
2024-09-04T16:26:37.813+09:00 TRACE 73922 --- [    Test worker] s.w.s.m.m.a.RequestMappingHandlerMapping : Mapped to cs.skku.edu.mrdang.domain.roadmap.controller.RoadmapController#createRoadmap(User, CreateRequest)
2024-09-04T16:26:37.814+09:00 TRACE 73922 --- [    Test worker] m.m.a.RequestResponseBodyMethodProcessor : Read "application/json;charset=UTF-8" to [cs.skku.edu.mrdang.domain.roadmap.dto.RoadmapDTO$CreateRequest@5275d709]
2024-09-04T16:26:37.814+09:00 TRACE 73922 --- [    Test worker] o.s.web.method.HandlerMethod             : Arguments: [cs.skku.edu.mrdang.domain.user.entity.User@92fd091, cs.skku.edu.mrdang.domain.roadmap.dto.RoadmapDTO$CreateRequest@5275d709]
2024-09-04T16:26:37.814+09:00 DEBUG 73922 --- [    Test worker] o.s.w.s.m.m.a.HttpEntityMethodProcessor  : Using 'application/json', given [*/*] and supported [application/json, application/*+json]
2024-09-04T16:26:37.814+09:00 DEBUG 73922 --- [    Test worker] o.s.w.s.m.m.a.HttpEntityMethodProcessor  : Nothing to write: null body
2024-09-04T16:26:37.814+09:00 TRACE 73922 --- [    Test worker] s.w.s.m.m.a.RequestMappingHandlerAdapter : Applying default cacheSeconds=-1

MockHttpServletRequest:
      HTTP Method = POST
      Request URI = /roadmaps
       Parameters = {}
          Headers = [Content-Type:"application/json;charset=UTF-8", Content-Length:"120", Cookie:"access-token=access; refresh-token=refresh"]
             Body = {"trackId":1,"description":"-평론가의 길-","content":"평론가가 되는 과정을 배웁니다.","thumbnailId":1}
    Session Attrs = {}

Handler:
             Type = cs.skku.edu.mrdang.domain.roadmap.controller.RoadmapController
           Method = cs.skku.edu.mrdang.domain.roadmap.controller.RoadmapController#createRoadmap(User, CreateRequest)

Async:
    Async started = false
     Async result = null

Resolved Exception:
             Type = null

ModelAndView:
        View name = null
             View = null
            Model = null

FlashMap:
       Attributes = null

MockHttpServletResponse:
           Status = 201
    Error message = null
          Headers = [Vary:"Origin", "Access-Control-Request-Method", "Access-Control-Request-Headers", Location:"/roadmaps/0"]
     Content type = null
             Body = 
    Forwarded URL = null
   Redirected URL = /roadmaps/0
          Cookies = []
2024-09-04T16:26:37.820+09:00 TRACE 73922 --- [    Test worker] s.w.s.m.m.a.RequestMappingHandlerMapping : Mapped to cs.skku.edu.mrdang.domain.roadmap.controller.RoadmapController#searchRoadmaps(SearchRequest)
2024-09-04T16:26:37.821+09:00 TRACE 73922 --- [    Test worker] o.s.web.method.HandlerMethod             : Arguments: [cs.skku.edu.mrdang.domain.roadmap.dto.RoadmapDTO$SearchRequest@7a7698f4]
2024-09-04T16:26:37.821+09:00 DEBUG 73922 --- [    Test worker] o.s.w.s.m.m.a.HttpEntityMethodProcessor  : Using 'application/json', given [*/*] and supported [application/json, application/*+json]
2024-09-04T16:26:37.821+09:00 TRACE 73922 --- [    Test worker] o.s.w.s.m.m.a.HttpEntityMethodProcessor  : Writing [[cs.skku.edu.mrdang.domain.roadmap.dto.RoadmapDTO$SimpleResponse@1150b923]]
2024-09-04T16:26:37.822+09:00 TRACE 73922 --- [    Test worker] s.w.s.m.m.a.RequestMappingHandlerAdapter : Applying default cacheSeconds=-1

MockHttpServletRequest:
      HTTP Method = GET
      Request URI = /roadmaps
       Parameters = {query=[], scope=[all], sort=[recent], pageNumber=[0], pageSize=[10]}
          Headers = [Content-Type:"application/json;charset=UTF-8"]
             Body = null
    Session Attrs = {}

Handler:
             Type = cs.skku.edu.mrdang.domain.roadmap.controller.RoadmapController
           Method = cs.skku.edu.mrdang.domain.roadmap.controller.RoadmapController#searchRoadmaps(SearchRequest)

Async:
    Async started = false
     Async result = null

Resolved Exception:
             Type = null

ModelAndView:
        View name = null
             View = null
            Model = null

FlashMap:
       Attributes = null

MockHttpServletResponse:
           Status = 200
    Error message = null
          Headers = [Vary:"Origin", "Access-Control-Request-Method", "Access-Control-Request-Headers", Content-Type:"application/json"]
     Content type = application/json
             Body = [{"id":1,"title":"평론가의 길","jobs":[{"id":1,"type":"직무","name":"평론가","neighbors":[]}],"description":"-평론가의 길-","studentCount":100,"lectureCount":100,"totalDuration":"00:48:05","likeCount":100,"thumbnail":{"id":1,"filename":"보편적인 노래 앨범커버","path":"/attach/보편적인_노래_앨범커버.jpg"}}]
    Forwarded URL = null
   Redirected URL = null
          Cookies = []
]]></system-out>
  <system-err><![CDATA[]]></system-err>
</testsuite>
