<?xml version="1.0" encoding="UTF-8"?>
<testsuite name="cs.skku.edu.mrdang.domain.enrollment.controller.RoadmapEnrollmentControllerTest" tests="4" skipped="0" failures="0" errors="0" timestamp="2024-09-04T07:26:36" hostname="YoonSeocBookAir" time="0.034">
  <properties/>
  <testcase name="API 문서 - 로드맵에 좋아요를 누른다." classname="cs.skku.edu.mrdang.domain.enrollment.controller.RoadmapEnrollmentControllerTest" time="0.01"/>
  <testcase name="API 문서 - 유저가 로드맵을 수강신청 한다." classname="cs.skku.edu.mrdang.domain.enrollment.controller.RoadmapEnrollmentControllerTest" time="0.008"/>
  <testcase name="API 문서 - 로드맵에 좋아요를 취소한다." classname="cs.skku.edu.mrdang.domain.enrollment.controller.RoadmapEnrollmentControllerTest" time="0.007"/>
  <testcase name="API 문서 - 유저가 로드맵을 수강취소 한다." classname="cs.skku.edu.mrdang.domain.enrollment.controller.RoadmapEnrollmentControllerTest" time="0.007"/>
  <system-out><![CDATA[2024-09-04T16:26:36.651+09:00  INFO 73922 --- [    Test worker] t.c.s.AnnotationConfigContextLoaderUtils : Could not detect default configuration classes for test class [cs.skku.edu.mrdang.domain.enrollment.controller.RoadmapEnrollmentControllerTest]: RoadmapEnrollmentControllerTest does not declare any static, non-private, non-final, nested classes annotated with @Configuration.
2024-09-04T16:26:36.655+09:00  INFO 73922 --- [    Test worker] .b.t.c.SpringBootTestContextBootstrapper : Found @SpringBootConfiguration cs.skku.edu.mrdang.MrdangApplication for test class cs.skku.edu.mrdang.domain.enrollment.controller.RoadmapEnrollmentControllerTest

  .   ____          _            __ _ _
 /\\ / ___'_ __ _ _(_)_ __  __ _ \ \ \ \
( ( )\___ | '_ | '_| | '_ \/ _` | \ \ \ \
 \\/  ___)| |_)| | | | | || (_| |  ) ) ) )
  '  |____| .__|_| |_|_| |_\__, | / / / /
 =========|_|==============|___/=/_/_/_/
 :: Spring Boot ::                (v3.1.5)

2024-09-04T16:26:36.673+09:00  INFO 73922 --- [    Test worker] .m.d.e.c.RoadmapEnrollmentControllerTest : Starting RoadmapEnrollmentControllerTest using Java 17.0.10 with PID 73922 (started by yoonseonglee in /Users/yoonseonglee/dev/mvp-backend-spring)
2024-09-04T16:26:36.673+09:00  INFO 73922 --- [    Test worker] .m.d.e.c.RoadmapEnrollmentControllerTest : The following 1 profile is active: "prod"
2024-09-04T16:26:36.674+09:00 TRACE 73922 --- [    Test worker] o.s.w.c.s.GenericWebApplicationContext   : Refreshing org.springframework.web.context.support.GenericWebApplicationContext@632b5c79, started on Wed Sep 04 16:26:36 KST 2024
2024-09-04T16:26:36.795+09:00 TRACE 73922 --- [    Test worker] o.s.w.c.s.GenericWebApplicationContext   : No 'messageSource' bean, using [Empty MessageSource]
2024-09-04T16:26:36.795+09:00 TRACE 73922 --- [    Test worker] o.s.w.c.s.GenericWebApplicationContext   : No 'applicationEventMulticaster' bean, using [SimpleApplicationEventMulticaster]
2024-09-04T16:26:36.830+09:00 DEBUG 73922 --- [    Test worker] s.w.s.m.m.a.RequestMappingHandlerAdapter : ControllerAdvice beans: 0 @ModelAttribute, 0 @InitBinder, 1 RequestBodyAdvice, 1 ResponseBodyAdvice
2024-09-04T16:26:36.835+09:00 TRACE 73922 --- [    Test worker] s.w.s.m.m.a.RequestMappingHandlerMapping : 
	c.s.e.m.d.e.c.RoadmapEnrollmentController:
	{POST [/roadmaps/{roadmapId}/like]}: likeRoadmap(User,Long)
	{POST [/roadmaps/{roadmapId}/unlike]}: unlikeRoadmap(User,Long)
	{POST [/roadmaps/{roadmapId}/enroll]}: enrollRoadmap(User,Long)
	{POST [/roadmaps/{roadmapId}/drop]}: dropRoadmap(User,Long)
2024-09-04T16:26:36.836+09:00 TRACE 73922 --- [    Test worker] s.w.s.m.m.a.RequestMappingHandlerMapping : 
	o.s.b.a.w.s.e.BasicErrorController:
	{ [/error]}: error(HttpServletRequest)
	{ [/error], produces [text/html]}: errorHtml(HttpServletRequest,HttpServletResponse)
2024-09-04T16:26:36.836+09:00 DEBUG 73922 --- [    Test worker] s.w.s.m.m.a.RequestMappingHandlerMapping : 6 mappings in 'requestMappingHandlerMapping'
2024-09-04T16:26:36.837+09:00 DEBUG 73922 --- [    Test worker] o.s.w.s.h.BeanNameUrlHandlerMapping      : Detected 0 mappings in 'beanNameHandlerMapping'
2024-09-04T16:26:36.838+09:00 TRACE 73922 --- [    Test worker] o.s.w.s.f.support.RouterFunctionMapping  : 0 RouterFunction(s) in 'routerFunctionMapping'
2024-09-04T16:26:36.838+09:00 TRACE 73922 --- [    Test worker] o.s.w.s.handler.SimpleUrlHandlerMapping  : Mapped [/webjars/**] onto ResourceHttpRequestHandler [classpath [META-INF/resources/webjars/]]
2024-09-04T16:26:36.839+09:00 TRACE 73922 --- [    Test worker] o.s.w.s.handler.SimpleUrlHandlerMapping  : Mapped [/**] onto ResourceHttpRequestHandler [classpath [META-INF/resources/], classpath [resources/], classpath [static/], classpath [public/], ServletContext [/]]
2024-09-04T16:26:36.839+09:00 TRACE 73922 --- [    Test worker] o.s.w.s.handler.SimpleUrlHandlerMapping  : Mapped [/attach/**] onto ResourceHttpRequestHandler [URL [file:/attach/]]
2024-09-04T16:26:36.839+09:00 DEBUG 73922 --- [    Test worker] o.s.w.s.handler.SimpleUrlHandlerMapping  : Patterns [/webjars/**, /**, /attach/**] in 'resourceHandlerMapping'
2024-09-04T16:26:36.840+09:00 DEBUG 73922 --- [    Test worker] .m.m.a.ExceptionHandlerExceptionResolver : ControllerAdvice beans: 1 @ExceptionHandler, 1 ResponseBodyAdvice
2024-09-04T16:26:36.845+09:00  INFO 73922 --- [    Test worker] o.s.b.t.m.w.SpringBootMockServletContext : Initializing Spring TestDispatcherServlet ''
2024-09-04T16:26:36.845+09:00  INFO 73922 --- [    Test worker] o.s.t.web.servlet.TestDispatcherServlet  : Initializing Servlet ''
2024-09-04T16:26:36.845+09:00  INFO 73922 --- [    Test worker] o.s.t.web.servlet.TestDispatcherServlet  : Completed initialization in 0 ms
2024-09-04T16:26:36.848+09:00 TRACE 73922 --- [    Test worker] o.s.w.c.s.GenericWebApplicationContext   : No 'lifecycleProcessor' bean, using [DefaultLifecycleProcessor]
2024-09-04T16:26:36.849+09:00  INFO 73922 --- [    Test worker] .m.d.e.c.RoadmapEnrollmentControllerTest : Started RoadmapEnrollmentControllerTest in 0.192 seconds (process running for 1.993)
2024-09-04T16:26:36.854+09:00 TRACE 73922 --- [    Test worker] s.w.s.m.m.a.RequestMappingHandlerMapping : Mapped to cs.skku.edu.mrdang.domain.enrollment.controller.RoadmapEnrollmentController#likeRoadmap(User, Long)
2024-09-04T16:26:36.855+09:00 TRACE 73922 --- [    Test worker] o.s.web.method.HandlerMethod             : Arguments: [cs.skku.edu.mrdang.domain.user.entity.User@92fd091, 1]
2024-09-04T16:26:36.855+09:00 DEBUG 73922 --- [    Test worker] o.s.w.s.m.m.a.HttpEntityMethodProcessor  : Using 'application/json', given [*/*] and supported [application/json, application/*+json]
2024-09-04T16:26:36.855+09:00 DEBUG 73922 --- [    Test worker] o.s.w.s.m.m.a.HttpEntityMethodProcessor  : Nothing to write: null body
2024-09-04T16:26:36.855+09:00 TRACE 73922 --- [    Test worker] s.w.s.m.m.a.RequestMappingHandlerAdapter : Applying default cacheSeconds=-1

MockHttpServletRequest:
      HTTP Method = POST
      Request URI = /roadmaps/1/like
       Parameters = {}
          Headers = [Content-Type:"application/json;charset=UTF-8", Cookie:"access-token=access; refresh-token=refresh"]
             Body = null
    Session Attrs = {}

Handler:
             Type = cs.skku.edu.mrdang.domain.enrollment.controller.RoadmapEnrollmentController
           Method = cs.skku.edu.mrdang.domain.enrollment.controller.RoadmapEnrollmentController#likeRoadmap(User, Long)

Async:
    Async started = false
     Async result = null

Resolved Exception:
             Type = null

ModelAndView:
        View name = null
             View = null
            Model = null

FlashMap:
       Attributes = null

MockHttpServletResponse:
           Status = 204
    Error message = null
          Headers = [Vary:"Origin", "Access-Control-Request-Method", "Access-Control-Request-Headers"]
     Content type = null
             Body = 
    Forwarded URL = null
   Redirected URL = null
          Cookies = []
2024-09-04T16:26:36.864+09:00 TRACE 73922 --- [    Test worker] s.w.s.m.m.a.RequestMappingHandlerMapping : Mapped to cs.skku.edu.mrdang.domain.enrollment.controller.RoadmapEnrollmentController#enrollRoadmap(User, Long)
2024-09-04T16:26:36.864+09:00 TRACE 73922 --- [    Test worker] o.s.web.method.HandlerMethod             : Arguments: [cs.skku.edu.mrdang.domain.user.entity.User@92fd091, 1]
2024-09-04T16:26:36.864+09:00 DEBUG 73922 --- [    Test worker] o.s.w.s.m.m.a.HttpEntityMethodProcessor  : Using 'application/json', given [*/*] and supported [application/json, application/*+json]
2024-09-04T16:26:36.864+09:00 DEBUG 73922 --- [    Test worker] o.s.w.s.m.m.a.HttpEntityMethodProcessor  : Nothing to write: null body
2024-09-04T16:26:36.865+09:00 TRACE 73922 --- [    Test worker] s.w.s.m.m.a.RequestMappingHandlerAdapter : Applying default cacheSeconds=-1

MockHttpServletRequest:
      HTTP Method = POST
      Request URI = /roadmaps/1/enroll
       Parameters = {}
          Headers = [Content-Type:"application/json;charset=UTF-8", Cookie:"access-token=access; refresh-token=refresh"]
             Body = null
    Session Attrs = {}

Handler:
             Type = cs.skku.edu.mrdang.domain.enrollment.controller.RoadmapEnrollmentController
           Method = cs.skku.edu.mrdang.domain.enrollment.controller.RoadmapEnrollmentController#enrollRoadmap(User, Long)

Async:
    Async started = false
     Async result = null

Resolved Exception:
             Type = null

ModelAndView:
        View name = null
             View = null
            Model = null

FlashMap:
       Attributes = null

MockHttpServletResponse:
           Status = 204
    Error message = null
          Headers = [Vary:"Origin", "Access-Control-Request-Method", "Access-Control-Request-Headers"]
     Content type = null
             Body = 
    Forwarded URL = null
   Redirected URL = null
          Cookies = []
2024-09-04T16:26:36.872+09:00 TRACE 73922 --- [    Test worker] s.w.s.m.m.a.RequestMappingHandlerMapping : Mapped to cs.skku.edu.mrdang.domain.enrollment.controller.RoadmapEnrollmentController#unlikeRoadmap(User, Long)
2024-09-04T16:26:36.873+09:00 TRACE 73922 --- [    Test worker] o.s.web.method.HandlerMethod             : Arguments: [cs.skku.edu.mrdang.domain.user.entity.User@92fd091, 1]
2024-09-04T16:26:36.873+09:00 DEBUG 73922 --- [    Test worker] o.s.w.s.m.m.a.HttpEntityMethodProcessor  : Using 'application/json', given [*/*] and supported [application/json, application/*+json]
2024-09-04T16:26:36.873+09:00 DEBUG 73922 --- [    Test worker] o.s.w.s.m.m.a.HttpEntityMethodProcessor  : Nothing to write: null body
2024-09-04T16:26:36.873+09:00 TRACE 73922 --- [    Test worker] s.w.s.m.m.a.RequestMappingHandlerAdapter : Applying default cacheSeconds=-1

MockHttpServletRequest:
      HTTP Method = POST
      Request URI = /roadmaps/1/unlike
       Parameters = {}
          Headers = [Content-Type:"application/json;charset=UTF-8", Cookie:"access-token=access; refresh-token=refresh"]
             Body = null
    Session Attrs = {}

Handler:
             Type = cs.skku.edu.mrdang.domain.enrollment.controller.RoadmapEnrollmentController
           Method = cs.skku.edu.mrdang.domain.enrollment.controller.RoadmapEnrollmentController#unlikeRoadmap(User, Long)

Async:
    Async started = false
     Async result = null

Resolved Exception:
             Type = null

ModelAndView:
        View name = null
             View = null
            Model = null

FlashMap:
       Attributes = null

MockHttpServletResponse:
           Status = 204
    Error message = null
          Headers = [Vary:"Origin", "Access-Control-Request-Method", "Access-Control-Request-Headers"]
     Content type = null
             Body = 
    Forwarded URL = null
   Redirected URL = null
          Cookies = []
2024-09-04T16:26:36.880+09:00 TRACE 73922 --- [    Test worker] s.w.s.m.m.a.RequestMappingHandlerMapping : Mapped to cs.skku.edu.mrdang.domain.enrollment.controller.RoadmapEnrollmentController#dropRoadmap(User, Long)
2024-09-04T16:26:36.880+09:00 TRACE 73922 --- [    Test worker] o.s.web.method.HandlerMethod             : Arguments: [cs.skku.edu.mrdang.domain.user.entity.User@92fd091, 1]
2024-09-04T16:26:36.881+09:00 DEBUG 73922 --- [    Test worker] o.s.w.s.m.m.a.HttpEntityMethodProcessor  : Using 'application/json', given [*/*] and supported [application/json, application/*+json]
2024-09-04T16:26:36.881+09:00 DEBUG 73922 --- [    Test worker] o.s.w.s.m.m.a.HttpEntityMethodProcessor  : Nothing to write: null body
2024-09-04T16:26:36.881+09:00 TRACE 73922 --- [    Test worker] s.w.s.m.m.a.RequestMappingHandlerAdapter : Applying default cacheSeconds=-1

MockHttpServletRequest:
      HTTP Method = POST
      Request URI = /roadmaps/1/drop
       Parameters = {}
          Headers = [Content-Type:"application/json;charset=UTF-8", Cookie:"access-token=access; refresh-token=refresh"]
             Body = null
    Session Attrs = {}

Handler:
             Type = cs.skku.edu.mrdang.domain.enrollment.controller.RoadmapEnrollmentController
           Method = cs.skku.edu.mrdang.domain.enrollment.controller.RoadmapEnrollmentController#dropRoadmap(User, Long)

Async:
    Async started = false
     Async result = null

Resolved Exception:
             Type = null

ModelAndView:
        View name = null
             View = null
            Model = null

FlashMap:
       Attributes = null

MockHttpServletResponse:
           Status = 204
    Error message = null
          Headers = [Vary:"Origin", "Access-Control-Request-Method", "Access-Control-Request-Headers"]
     Content type = null
             Body = 
    Forwarded URL = null
   Redirected URL = null
          Cookies = []
]]></system-out>
  <system-err><![CDATA[]]></system-err>
</testsuite>
